{"level":"info","message":"Initializing in-memory database (placeholder)","service":"soilwise-api","timestamp":"2025-07-10T21:47:41.630Z"}
{"level":"info","message":"Database initialized","service":"soilwise-api","timestamp":"2025-07-10T21:47:41.635Z"}
{"level":"info","message":"Setting up Socket.IO server","service":"soilwise-api","timestamp":"2025-07-10T21:47:41.636Z"}
{"level":"info","message":"Socket.IO configured","service":"soilwise-api","timestamp":"2025-07-10T21:47:41.636Z"}
{"level":"info","message":"MQTT service connected","service":"soilwise-api","timestamp":"2025-07-10T21:47:42.273Z"}
{"level":"info","message":"Starting cron jobs","service":"soilwise-api","timestamp":"2025-07-10T21:47:42.274Z"}
{"level":"info","message":"Cron jobs started successfully","service":"soilwise-api","timestamp":"2025-07-10T21:47:42.278Z"}
{"level":"info","message":"Cron jobs started","service":"soilwise-api","timestamp":"2025-07-10T21:47:42.278Z"}
{"level":"info","message":"Server running on port 8080","service":"soilwise-api","timestamp":"2025-07-10T21:47:42.281Z"}
{"code":"ECONNREFUSED","level":"error","message":"MQTT client error:","service":"soilwise-api","stack":"AggregateError\n    at internalConnectMultiple (node:net:1122:18)\n    at afterConnectMultiple (node:net:1689:7)","timestamp":"2025-07-10T21:47:42.288Z"}
{"level":"warn","message":"MQTT client offline","service":"soilwise-api","timestamp":"2025-07-10T21:47:42.290Z"}
{"level":"info","message":"MQTT client reconnecting","service":"soilwise-api","timestamp":"2025-07-10T21:47:43.292Z"}
{"code":"ECONNREFUSED","level":"error","message":"MQTT client error:","service":"soilwise-api","stack":"AggregateError\n    at internalConnectMultiple (node:net:1122:18)\n    at afterConnectMultiple (node:net:1689:7)","timestamp":"2025-07-10T21:47:43.294Z"}
{"level":"info","message":"MQTT client reconnecting","service":"soilwise-api","timestamp":"2025-07-10T21:47:44.293Z"}
{"code":"ECONNREFUSED","level":"error","message":"MQTT client error:","service":"soilwise-api","stack":"AggregateError\n    at internalConnectMultiple (node:net:1122:18)\n    at afterConnectMultiple (node:net:1689:7)","timestamp":"2025-07-10T21:47:44.295Z"}
{"level":"info","message":"MQTT client reconnecting","service":"soilwise-api","timestamp":"2025-07-10T21:47:45.296Z"}
{"code":"ECONNREFUSED","level":"error","message":"MQTT client error:","service":"soilwise-api","stack":"AggregateError\n    at internalConnectMultiple (node:net:1122:18)\n    at afterConnectMultiple (node:net:1689:7)","timestamp":"2025-07-10T21:47:45.298Z"}
{"level":"info","message":"MQTT client reconnecting","service":"soilwise-api","timestamp":"2025-07-10T21:47:46.298Z"}
{"code":"ECONNREFUSED","level":"error","message":"MQTT client error:","service":"soilwise-api","stack":"AggregateError\n    at internalConnectMultiple (node:net:1122:18)\n    at afterConnectMultiple (node:net:1689:7)","timestamp":"2025-07-10T21:47:46.301Z"}
{"level":"info","message":"MQTT client reconnecting","service":"soilwise-api","timestamp":"2025-07-10T21:47:47.302Z"}
{"code":"ECONNREFUSED","level":"error","message":"MQTT client error:","service":"soilwise-api","stack":"AggregateError\n    at internalConnectMultiple (node:net:1122:18)\n    at afterConnectMultiple (node:net:1689:7)","timestamp":"2025-07-10T21:47:47.304Z"}
{"level":"info","message":"MQTT client reconnecting","service":"soilwise-api","timestamp":"2025-07-10T21:47:48.305Z"}
{"code":"ECONNREFUSED","level":"error","message":"MQTT client error:","service":"soilwise-api","stack":"AggregateError\n    at internalConnectMultiple (node:net:1122:18)\n    at afterConnectMultiple (node:net:1689:7)","timestamp":"2025-07-10T21:47:48.306Z"}
{"level":"info","message":"MQTT client reconnecting","service":"soilwise-api","timestamp":"2025-07-10T21:47:49.307Z"}
{"code":"ECONNREFUSED","level":"error","message":"MQTT client error:","service":"soilwise-api","stack":"AggregateError\n    at internalConnectMultiple (node:net:1122:18)\n    at afterConnectMultiple (node:net:1689:7)","timestamp":"2025-07-10T21:47:49.309Z"}
{"level":"info","message":"MQTT client reconnecting","service":"soilwise-api","timestamp":"2025-07-10T21:47:50.310Z"}
{"code":"ECONNREFUSED","level":"error","message":"MQTT client error:","service":"soilwise-api","stack":"AggregateError\n    at internalConnectMultiple (node:net:1122:18)\n    at afterConnectMultiple (node:net:1689:7)","timestamp":"2025-07-10T21:47:50.312Z"}
{"level":"info","message":"MQTT client reconnecting","service":"soilwise-api","timestamp":"2025-07-10T21:47:51.313Z"}
{"code":"ECONNREFUSED","level":"error","message":"MQTT client error:","service":"soilwise-api","stack":"AggregateError\n    at internalConnectMultiple (node:net:1122:18)\n    at afterConnectMultiple (node:net:1689:7)","timestamp":"2025-07-10T21:47:51.315Z"}
{"level":"info","message":"MQTT client reconnecting","service":"soilwise-api","timestamp":"2025-07-10T21:47:52.314Z"}
{"code":"ECONNREFUSED","level":"error","message":"MQTT client error:","service":"soilwise-api","stack":"AggregateError\n    at internalConnectMultiple (node:net:1122:18)\n    at afterConnectMultiple (node:net:1689:7)","timestamp":"2025-07-10T21:47:52.316Z"}
{"level":"info","message":"MQTT client reconnecting","service":"soilwise-api","timestamp":"2025-07-10T21:47:53.317Z"}
{"code":"ECONNREFUSED","level":"error","message":"MQTT client error:","service":"soilwise-api","stack":"AggregateError\n    at internalConnectMultiple (node:net:1122:18)\n    at afterConnectMultiple (node:net:1689:7)","timestamp":"2025-07-10T21:47:53.318Z"}
{"level":"info","message":"MQTT client reconnecting","service":"soilwise-api","timestamp":"2025-07-10T21:47:54.319Z"}
{"code":"ECONNREFUSED","level":"error","message":"MQTT client error:","service":"soilwise-api","stack":"AggregateError\n    at internalConnectMultiple (node:net:1122:18)\n    at afterConnectMultiple (node:net:1689:7)","timestamp":"2025-07-10T21:47:54.321Z"}
{"level":"info","message":"MQTT client reconnecting","service":"soilwise-api","timestamp":"2025-07-10T21:47:55.322Z"}
{"code":"ECONNREFUSED","level":"error","message":"MQTT client error:","service":"soilwise-api","stack":"AggregateError\n    at internalConnectMultiple (node:net:1122:18)\n    at afterConnectMultiple (node:net:1689:7)","timestamp":"2025-07-10T21:47:55.323Z"}
{"level":"info","message":"MQTT client reconnecting","service":"soilwise-api","timestamp":"2025-07-10T21:47:56.324Z"}
{"code":"ECONNREFUSED","level":"error","message":"MQTT client error:","service":"soilwise-api","stack":"AggregateError\n    at internalConnectMultiple (node:net:1122:18)\n    at afterConnectMultiple (node:net:1689:7)","timestamp":"2025-07-10T21:47:56.326Z"}
{"level":"info","message":"MQTT client reconnecting","service":"soilwise-api","timestamp":"2025-07-10T21:47:57.327Z"}
{"code":"ECONNREFUSED","level":"error","message":"MQTT client error:","service":"soilwise-api","stack":"AggregateError\n    at internalConnectMultiple (node:net:1122:18)\n    at afterConnectMultiple (node:net:1689:7)","timestamp":"2025-07-10T21:47:57.328Z"}
{"level":"info","message":"MQTT client reconnecting","service":"soilwise-api","timestamp":"2025-07-10T21:47:58.330Z"}
{"code":"ECONNREFUSED","level":"error","message":"MQTT client error:","service":"soilwise-api","stack":"AggregateError\n    at internalConnectMultiple (node:net:1122:18)\n    at afterConnectMultiple (node:net:1689:7)","timestamp":"2025-07-10T21:47:58.331Z"}
{"level":"info","message":"MQTT client reconnecting","service":"soilwise-api","timestamp":"2025-07-10T21:47:59.332Z"}
{"code":"ECONNREFUSED","level":"error","message":"MQTT client error:","service":"soilwise-api","stack":"AggregateError\n    at internalConnectMultiple (node:net:1122:18)\n    at afterConnectMultiple (node:net:1689:7)","timestamp":"2025-07-10T21:47:59.334Z"}
{"level":"info","message":"MQTT client reconnecting","service":"soilwise-api","timestamp":"2025-07-10T21:48:00.334Z"}
{"code":"ECONNREFUSED","level":"error","message":"MQTT client error:","service":"soilwise-api","stack":"AggregateError\n    at internalConnectMultiple (node:net:1122:18)\n    at afterConnectMultiple (node:net:1689:7)","timestamp":"2025-07-10T21:48:00.336Z"}
{"level":"info","message":"MQTT client reconnecting","service":"soilwise-api","timestamp":"2025-07-10T21:48:01.337Z"}
{"code":"ECONNREFUSED","level":"error","message":"MQTT client error:","service":"soilwise-api","stack":"AggregateError\n    at internalConnectMultiple (node:net:1122:18)\n    at afterConnectMultiple (node:net:1689:7)","timestamp":"2025-07-10T21:48:01.338Z"}
{"level":"info","message":"MQTT client reconnecting","service":"soilwise-api","timestamp":"2025-07-10T21:48:02.339Z"}
{"code":"ECONNREFUSED","level":"error","message":"MQTT client error:","service":"soilwise-api","stack":"AggregateError\n    at internalConnectMultiple (node:net:1122:18)\n    at afterConnectMultiple (node:net:1689:7)","timestamp":"2025-07-10T21:48:02.340Z"}
{"level":"info","message":"MQTT client reconnecting","service":"soilwise-api","timestamp":"2025-07-10T21:48:03.341Z"}
{"code":"ECONNREFUSED","level":"error","message":"MQTT client error:","service":"soilwise-api","stack":"AggregateError\n    at internalConnectMultiple (node:net:1122:18)\n    at afterConnectMultiple (node:net:1689:7)","timestamp":"2025-07-10T21:48:03.343Z"}
{"level":"info","message":"MQTT client reconnecting","service":"soilwise-api","timestamp":"2025-07-10T21:48:04.345Z"}
{"code":"ECONNREFUSED","level":"error","message":"MQTT client error:","service":"soilwise-api","stack":"AggregateError\n    at internalConnectMultiple (node:net:1122:18)\n    at afterConnectMultiple (node:net:1689:7)","timestamp":"2025-07-10T21:48:04.347Z"}
{"level":"info","message":"MQTT client reconnecting","service":"soilwise-api","timestamp":"2025-07-10T21:48:05.347Z"}
{"code":"ECONNREFUSED","level":"error","message":"MQTT client error:","service":"soilwise-api","stack":"AggregateError\n    at internalConnectMultiple (node:net:1122:18)\n    at afterConnectMultiple (node:net:1689:7)","timestamp":"2025-07-10T21:48:05.349Z"}
{"level":"info","message":"MQTT client reconnecting","service":"soilwise-api","timestamp":"2025-07-10T21:48:06.348Z"}
{"code":"ECONNREFUSED","level":"error","message":"MQTT client error:","service":"soilwise-api","stack":"AggregateError\n    at internalConnectMultiple (node:net:1122:18)\n    at afterConnectMultiple (node:net:1689:7)","timestamp":"2025-07-10T21:48:06.350Z"}
{"level":"info","message":"MQTT client reconnecting","service":"soilwise-api","timestamp":"2025-07-10T21:48:07.351Z"}
{"code":"ECONNREFUSED","level":"error","message":"MQTT client error:","service":"soilwise-api","stack":"AggregateError\n    at internalConnectMultiple (node:net:1122:18)\n    at afterConnectMultiple (node:net:1689:7)","timestamp":"2025-07-10T21:48:07.353Z"}
{"level":"info","message":"MQTT client reconnecting","service":"soilwise-api","timestamp":"2025-07-10T21:48:08.353Z"}
{"code":"ECONNREFUSED","level":"error","message":"MQTT client error:","service":"soilwise-api","stack":"AggregateError\n    at internalConnectMultiple (node:net:1122:18)\n    at afterConnectMultiple (node:net:1689:7)","timestamp":"2025-07-10T21:48:08.355Z"}
{"level":"info","message":"MQTT client reconnecting","service":"soilwise-api","timestamp":"2025-07-10T21:48:09.356Z"}
{"code":"ECONNREFUSED","level":"error","message":"MQTT client error:","service":"soilwise-api","stack":"AggregateError\n    at internalConnectMultiple (node:net:1122:18)\n    at afterConnectMultiple (node:net:1689:7)","timestamp":"2025-07-10T21:48:09.357Z"}
{"level":"info","message":"MQTT client reconnecting","service":"soilwise-api","timestamp":"2025-07-10T21:48:10.358Z"}
{"code":"ECONNREFUSED","level":"error","message":"MQTT client error:","service":"soilwise-api","stack":"AggregateError\n    at internalConnectMultiple (node:net:1122:18)\n    at afterConnectMultiple (node:net:1689:7)","timestamp":"2025-07-10T21:48:10.360Z"}
{"level":"info","message":"MQTT client reconnecting","service":"soilwise-api","timestamp":"2025-07-10T21:48:11.361Z"}
{"code":"ECONNREFUSED","level":"error","message":"MQTT client error:","service":"soilwise-api","stack":"AggregateError\n    at internalConnectMultiple (node:net:1122:18)\n    at afterConnectMultiple (node:net:1689:7)","timestamp":"2025-07-10T21:48:11.363Z"}
{"level":"info","message":"MQTT client reconnecting","service":"soilwise-api","timestamp":"2025-07-10T21:48:12.363Z"}
{"code":"ECONNREFUSED","level":"error","message":"MQTT client error:","service":"soilwise-api","stack":"AggregateError\n    at internalConnectMultiple (node:net:1122:18)\n    at afterConnectMultiple (node:net:1689:7)","timestamp":"2025-07-10T21:48:12.365Z"}
{"level":"info","message":"MQTT client reconnecting","service":"soilwise-api","timestamp":"2025-07-10T21:48:13.367Z"}
{"code":"ECONNREFUSED","level":"error","message":"MQTT client error:","service":"soilwise-api","stack":"AggregateError\n    at internalConnectMultiple (node:net:1122:18)\n    at afterConnectMultiple (node:net:1689:7)","timestamp":"2025-07-10T21:48:13.369Z"}
{"level":"info","message":"MQTT client reconnecting","service":"soilwise-api","timestamp":"2025-07-10T21:48:14.368Z"}
{"code":"ECONNREFUSED","level":"error","message":"MQTT client error:","service":"soilwise-api","stack":"AggregateError\n    at internalConnectMultiple (node:net:1122:18)\n    at afterConnectMultiple (node:net:1689:7)","timestamp":"2025-07-10T21:48:14.370Z"}
{"level":"info","message":"MQTT client reconnecting","service":"soilwise-api","timestamp":"2025-07-10T21:48:15.371Z"}
{"code":"ECONNREFUSED","level":"error","message":"MQTT client error:","service":"soilwise-api","stack":"AggregateError\n    at internalConnectMultiple (node:net:1122:18)\n    at afterConnectMultiple (node:net:1689:7)","timestamp":"2025-07-10T21:48:15.372Z"}
{"level":"info","message":"MQTT client reconnecting","service":"soilwise-api","timestamp":"2025-07-10T21:48:16.373Z"}
{"code":"ECONNREFUSED","level":"error","message":"MQTT client error:","service":"soilwise-api","stack":"AggregateError\n    at internalConnectMultiple (node:net:1122:18)\n    at afterConnectMultiple (node:net:1689:7)","timestamp":"2025-07-10T21:48:16.376Z"}
{"level":"info","message":"MQTT client reconnecting","service":"soilwise-api","timestamp":"2025-07-10T21:48:17.375Z"}
{"code":"ECONNREFUSED","level":"error","message":"MQTT client error:","service":"soilwise-api","stack":"AggregateError\n    at internalConnectMultiple (node:net:1122:18)\n    at afterConnectMultiple (node:net:1689:7)","timestamp":"2025-07-10T21:48:17.378Z"}
{"level":"info","message":"MQTT client reconnecting","service":"soilwise-api","timestamp":"2025-07-10T21:48:18.378Z"}
{"code":"ECONNREFUSED","level":"error","message":"MQTT client error:","service":"soilwise-api","stack":"AggregateError\n    at internalConnectMultiple (node:net:1122:18)\n    at afterConnectMultiple (node:net:1689:7)","timestamp":"2025-07-10T21:48:18.380Z"}
{"level":"info","message":"MQTT client reconnecting","service":"soilwise-api","timestamp":"2025-07-10T21:48:19.380Z"}
{"code":"ECONNREFUSED","level":"error","message":"MQTT client error:","service":"soilwise-api","stack":"AggregateError\n    at internalConnectMultiple (node:net:1122:18)\n    at afterConnectMultiple (node:net:1689:7)","timestamp":"2025-07-10T21:48:19.382Z"}
{"level":"info","message":"MQTT client reconnecting","service":"soilwise-api","timestamp":"2025-07-10T21:48:20.382Z"}
{"code":"ECONNREFUSED","level":"error","message":"MQTT client error:","service":"soilwise-api","stack":"AggregateError\n    at internalConnectMultiple (node:net:1122:18)\n    at afterConnectMultiple (node:net:1689:7)","timestamp":"2025-07-10T21:48:20.384Z"}
{"level":"info","message":"MQTT client reconnecting","service":"soilwise-api","timestamp":"2025-07-10T21:48:21.384Z"}
{"code":"ECONNREFUSED","level":"error","message":"MQTT client error:","service":"soilwise-api","stack":"AggregateError\n    at internalConnectMultiple (node:net:1122:18)\n    at afterConnectMultiple (node:net:1689:7)","timestamp":"2025-07-10T21:48:21.386Z"}
{"level":"info","message":"MQTT client reconnecting","service":"soilwise-api","timestamp":"2025-07-10T21:48:22.388Z"}
{"code":"ECONNREFUSED","level":"error","message":"MQTT client error:","service":"soilwise-api","stack":"AggregateError\n    at internalConnectMultiple (node:net:1122:18)\n    at afterConnectMultiple (node:net:1689:7)","timestamp":"2025-07-10T21:48:22.390Z"}
{"level":"info","message":"MQTT client reconnecting","service":"soilwise-api","timestamp":"2025-07-10T21:48:23.391Z"}
{"code":"ECONNREFUSED","level":"error","message":"MQTT client error:","service":"soilwise-api","stack":"AggregateError\n    at internalConnectMultiple (node:net:1122:18)\n    at afterConnectMultiple (node:net:1689:7)","timestamp":"2025-07-10T21:48:23.393Z"}
{"level":"info","message":"MQTT client reconnecting","service":"soilwise-api","timestamp":"2025-07-10T21:48:24.394Z"}
{"code":"ECONNREFUSED","level":"error","message":"MQTT client error:","service":"soilwise-api","stack":"AggregateError\n    at internalConnectMultiple (node:net:1122:18)\n    at afterConnectMultiple (node:net:1689:7)","timestamp":"2025-07-10T21:48:24.396Z"}
{"level":"info","message":"MQTT client reconnecting","service":"soilwise-api","timestamp":"2025-07-10T21:48:25.397Z"}
{"code":"ECONNREFUSED","level":"error","message":"MQTT client error:","service":"soilwise-api","stack":"AggregateError\n    at internalConnectMultiple (node:net:1122:18)\n    at afterConnectMultiple (node:net:1689:7)","timestamp":"2025-07-10T21:48:25.399Z"}
{"level":"info","message":"Initializing in-memory database (placeholder)","service":"soilwise-api","timestamp":"2025-07-10T21:48:35.943Z"}
{"level":"info","message":"Database initialized","service":"soilwise-api","timestamp":"2025-07-10T21:48:35.947Z"}
{"level":"info","message":"Setting up Socket.IO server","service":"soilwise-api","timestamp":"2025-07-10T21:48:35.947Z"}
{"level":"info","message":"Socket.IO configured","service":"soilwise-api","timestamp":"2025-07-10T21:48:35.948Z"}
{"level":"info","message":"MQTT service connected","service":"soilwise-api","timestamp":"2025-07-10T21:48:36.047Z"}
{"level":"info","message":"Starting cron jobs","service":"soilwise-api","timestamp":"2025-07-10T21:48:36.048Z"}
{"level":"info","message":"Cron jobs started successfully","service":"soilwise-api","timestamp":"2025-07-10T21:48:36.051Z"}
{"level":"info","message":"Cron jobs started","service":"soilwise-api","timestamp":"2025-07-10T21:48:36.052Z"}
{"level":"info","message":"Server running on port 8080","service":"soilwise-api","timestamp":"2025-07-10T21:48:36.054Z"}
{"code":"ECONNREFUSED","level":"error","message":"MQTT client error:","service":"soilwise-api","stack":"AggregateError\n    at internalConnectMultiple (node:net:1122:18)\n    at afterConnectMultiple (node:net:1689:7)","timestamp":"2025-07-10T21:48:36.061Z"}
{"level":"warn","message":"MQTT client offline","service":"soilwise-api","timestamp":"2025-07-10T21:48:36.062Z"}
{"level":"info","message":"MQTT client reconnecting","service":"soilwise-api","timestamp":"2025-07-10T21:48:37.062Z"}
{"code":"ECONNREFUSED","level":"error","message":"MQTT client error:","service":"soilwise-api","stack":"AggregateError\n    at internalConnectMultiple (node:net:1122:18)\n    at afterConnectMultiple (node:net:1689:7)","timestamp":"2025-07-10T21:48:37.064Z"}
{"level":"info","message":"MQTT client reconnecting","service":"soilwise-api","timestamp":"2025-07-10T21:48:38.065Z"}
{"code":"ECONNREFUSED","level":"error","message":"MQTT client error:","service":"soilwise-api","stack":"AggregateError\n    at internalConnectMultiple (node:net:1122:18)\n    at afterConnectMultiple (node:net:1689:7)","timestamp":"2025-07-10T21:48:38.067Z"}
{"level":"info","message":"MQTT client reconnecting","service":"soilwise-api","timestamp":"2025-07-10T21:48:39.068Z"}
{"code":"ECONNREFUSED","level":"error","message":"MQTT client error:","service":"soilwise-api","stack":"AggregateError\n    at internalConnectMultiple (node:net:1122:18)\n    at afterConnectMultiple (node:net:1689:7)","timestamp":"2025-07-10T21:48:39.069Z"}
{"level":"info","message":"MQTT client reconnecting","service":"soilwise-api","timestamp":"2025-07-10T21:48:40.070Z"}
{"code":"ECONNREFUSED","level":"error","message":"MQTT client error:","service":"soilwise-api","stack":"AggregateError\n    at internalConnectMultiple (node:net:1122:18)\n    at afterConnectMultiple (node:net:1689:7)","timestamp":"2025-07-10T21:48:40.072Z"}
{"level":"info","message":"MQTT client reconnecting","service":"soilwise-api","timestamp":"2025-07-10T21:48:41.072Z"}
{"code":"ECONNREFUSED","level":"error","message":"MQTT client error:","service":"soilwise-api","stack":"AggregateError\n    at internalConnectMultiple (node:net:1122:18)\n    at afterConnectMultiple (node:net:1689:7)","timestamp":"2025-07-10T21:48:41.074Z"}
{"level":"info","message":"MQTT client reconnecting","service":"soilwise-api","timestamp":"2025-07-10T21:48:42.075Z"}
{"code":"ECONNREFUSED","level":"error","message":"MQTT client error:","service":"soilwise-api","stack":"AggregateError\n    at internalConnectMultiple (node:net:1122:18)\n    at afterConnectMultiple (node:net:1689:7)","timestamp":"2025-07-10T21:48:42.077Z"}
{"level":"info","message":"MQTT client reconnecting","service":"soilwise-api","timestamp":"2025-07-10T21:48:43.078Z"}
{"code":"ECONNREFUSED","level":"error","message":"MQTT client error:","service":"soilwise-api","stack":"AggregateError\n    at internalConnectMultiple (node:net:1122:18)\n    at afterConnectMultiple (node:net:1689:7)","timestamp":"2025-07-10T21:48:43.080Z"}
{"level":"info","message":"MQTT client reconnecting","service":"soilwise-api","timestamp":"2025-07-10T21:48:44.081Z"}
{"code":"ECONNREFUSED","level":"error","message":"MQTT client error:","service":"soilwise-api","stack":"AggregateError\n    at internalConnectMultiple (node:net:1122:18)\n    at afterConnectMultiple (node:net:1689:7)","timestamp":"2025-07-10T21:48:44.084Z"}
{"level":"info","message":"MQTT client reconnecting","service":"soilwise-api","timestamp":"2025-07-10T21:48:45.086Z"}
{"code":"ECONNREFUSED","level":"error","message":"MQTT client error:","service":"soilwise-api","stack":"AggregateError\n    at internalConnectMultiple (node:net:1122:18)\n    at afterConnectMultiple (node:net:1689:7)","timestamp":"2025-07-10T21:48:45.089Z"}
{"level":"info","message":"MQTT client reconnecting","service":"soilwise-api","timestamp":"2025-07-10T21:48:46.090Z"}
{"code":"ECONNREFUSED","level":"error","message":"MQTT client error:","service":"soilwise-api","stack":"AggregateError\n    at internalConnectMultiple (node:net:1122:18)\n    at afterConnectMultiple (node:net:1689:7)","timestamp":"2025-07-10T21:48:46.091Z"}
{"level":"info","message":"MQTT client reconnecting","service":"soilwise-api","timestamp":"2025-07-10T21:48:47.091Z"}
{"code":"ECONNREFUSED","level":"error","message":"MQTT client error:","service":"soilwise-api","stack":"AggregateError\n    at internalConnectMultiple (node:net:1122:18)\n    at afterConnectMultiple (node:net:1689:7)","timestamp":"2025-07-10T21:48:47.094Z"}
{"level":"info","message":"MQTT client reconnecting","service":"soilwise-api","timestamp":"2025-07-10T21:48:48.095Z"}
{"code":"ECONNREFUSED","level":"error","message":"MQTT client error:","service":"soilwise-api","stack":"AggregateError\n    at internalConnectMultiple (node:net:1122:18)\n    at afterConnectMultiple (node:net:1689:7)","timestamp":"2025-07-10T21:48:48.096Z"}
{"level":"info","message":"MQTT client reconnecting","service":"soilwise-api","timestamp":"2025-07-10T21:48:49.098Z"}
{"code":"ECONNREFUSED","level":"error","message":"MQTT client error:","service":"soilwise-api","stack":"AggregateError\n    at internalConnectMultiple (node:net:1122:18)\n    at afterConnectMultiple (node:net:1689:7)","timestamp":"2025-07-10T21:48:49.102Z"}
{"level":"info","message":"MQTT client reconnecting","service":"soilwise-api","timestamp":"2025-07-10T21:48:50.102Z"}
{"code":"ECONNREFUSED","level":"error","message":"MQTT client error:","service":"soilwise-api","stack":"AggregateError\n    at internalConnectMultiple (node:net:1122:18)\n    at afterConnectMultiple (node:net:1689:7)","timestamp":"2025-07-10T21:48:50.104Z"}
{"level":"info","message":"MQTT client reconnecting","service":"soilwise-api","timestamp":"2025-07-10T21:48:51.104Z"}
{"code":"ECONNREFUSED","level":"error","message":"MQTT client error:","service":"soilwise-api","stack":"AggregateError\n    at internalConnectMultiple (node:net:1122:18)\n    at afterConnectMultiple (node:net:1689:7)","timestamp":"2025-07-10T21:48:51.107Z"}
{"level":"info","message":"MQTT client reconnecting","service":"soilwise-api","timestamp":"2025-07-10T21:48:52.107Z"}
{"code":"ECONNREFUSED","level":"error","message":"MQTT client error:","service":"soilwise-api","stack":"AggregateError\n    at internalConnectMultiple (node:net:1122:18)\n    at afterConnectMultiple (node:net:1689:7)","timestamp":"2025-07-10T21:48:52.112Z"}
{"level":"info","message":"MQTT client reconnecting","service":"soilwise-api","timestamp":"2025-07-10T21:48:53.113Z"}
{"code":"ECONNREFUSED","level":"error","message":"MQTT client error:","service":"soilwise-api","stack":"AggregateError\n    at internalConnectMultiple (node:net:1122:18)\n    at afterConnectMultiple (node:net:1689:7)","timestamp":"2025-07-10T21:48:53.115Z"}
{"level":"info","message":"MQTT client reconnecting","service":"soilwise-api","timestamp":"2025-07-10T21:48:54.116Z"}
{"code":"ECONNREFUSED","level":"error","message":"MQTT client error:","service":"soilwise-api","stack":"AggregateError\n    at internalConnectMultiple (node:net:1122:18)\n    at afterConnectMultiple (node:net:1689:7)","timestamp":"2025-07-10T21:48:54.118Z"}
{"level":"info","message":"MQTT client reconnecting","service":"soilwise-api","timestamp":"2025-07-10T21:48:55.120Z"}
{"code":"ECONNREFUSED","level":"error","message":"MQTT client error:","service":"soilwise-api","stack":"AggregateError\n    at internalConnectMultiple (node:net:1122:18)\n    at afterConnectMultiple (node:net:1689:7)","timestamp":"2025-07-10T21:48:55.122Z"}
{"level":"info","message":"MQTT client reconnecting","service":"soilwise-api","timestamp":"2025-07-10T21:48:56.122Z"}
{"code":"ECONNREFUSED","level":"error","message":"MQTT client error:","service":"soilwise-api","stack":"AggregateError\n    at internalConnectMultiple (node:net:1122:18)\n    at afterConnectMultiple (node:net:1689:7)","timestamp":"2025-07-10T21:48:56.124Z"}
{"level":"info","message":"MQTT client reconnecting","service":"soilwise-api","timestamp":"2025-07-10T21:48:57.125Z"}
{"code":"ECONNREFUSED","level":"error","message":"MQTT client error:","service":"soilwise-api","stack":"AggregateError\n    at internalConnectMultiple (node:net:1122:18)\n    at afterConnectMultiple (node:net:1689:7)","timestamp":"2025-07-10T21:48:57.127Z"}
{"level":"info","message":"MQTT client reconnecting","service":"soilwise-api","timestamp":"2025-07-10T21:48:58.128Z"}
{"code":"ECONNREFUSED","level":"error","message":"MQTT client error:","service":"soilwise-api","stack":"AggregateError\n    at internalConnectMultiple (node:net:1122:18)\n    at afterConnectMultiple (node:net:1689:7)","timestamp":"2025-07-10T21:48:58.130Z"}
{"level":"info","message":"MQTT client reconnecting","service":"soilwise-api","timestamp":"2025-07-10T21:48:59.131Z"}
{"code":"ECONNREFUSED","level":"error","message":"MQTT client error:","service":"soilwise-api","stack":"AggregateError\n    at internalConnectMultiple (node:net:1122:18)\n    at afterConnectMultiple (node:net:1689:7)","timestamp":"2025-07-10T21:48:59.133Z"}
{"level":"info","message":"MQTT client reconnecting","service":"soilwise-api","timestamp":"2025-07-10T21:49:00.135Z"}
{"code":"ECONNREFUSED","level":"error","message":"MQTT client error:","service":"soilwise-api","stack":"AggregateError\n    at internalConnectMultiple (node:net:1122:18)\n    at afterConnectMultiple (node:net:1689:7)","timestamp":"2025-07-10T21:49:00.136Z"}
{"level":"info","message":"MQTT client reconnecting","service":"soilwise-api","timestamp":"2025-07-10T21:49:01.137Z"}
{"code":"ECONNREFUSED","level":"error","message":"MQTT client error:","service":"soilwise-api","stack":"AggregateError\n    at internalConnectMultiple (node:net:1122:18)\n    at afterConnectMultiple (node:net:1689:7)","timestamp":"2025-07-10T21:49:01.139Z"}
{"level":"info","message":"MQTT client reconnecting","service":"soilwise-api","timestamp":"2025-07-10T21:49:02.140Z"}
{"code":"ECONNREFUSED","level":"error","message":"MQTT client error:","service":"soilwise-api","stack":"AggregateError\n    at internalConnectMultiple (node:net:1122:18)\n    at afterConnectMultiple (node:net:1689:7)","timestamp":"2025-07-10T21:49:02.142Z"}
{"level":"info","message":"MQTT client reconnecting","service":"soilwise-api","timestamp":"2025-07-10T21:49:03.143Z"}
{"code":"ECONNREFUSED","level":"error","message":"MQTT client error:","service":"soilwise-api","stack":"AggregateError\n    at internalConnectMultiple (node:net:1122:18)\n    at afterConnectMultiple (node:net:1689:7)","timestamp":"2025-07-10T21:49:03.145Z"}
{"level":"info","message":"MQTT client reconnecting","service":"soilwise-api","timestamp":"2025-07-10T21:49:04.147Z"}
{"code":"ECONNREFUSED","level":"error","message":"MQTT client error:","service":"soilwise-api","stack":"AggregateError\n    at internalConnectMultiple (node:net:1122:18)\n    at afterConnectMultiple (node:net:1689:7)","timestamp":"2025-07-10T21:49:04.151Z"}
{"level":"info","message":"MQTT client reconnecting","service":"soilwise-api","timestamp":"2025-07-10T21:49:05.151Z"}
{"code":"ECONNREFUSED","level":"error","message":"MQTT client error:","service":"soilwise-api","stack":"AggregateError\n    at internalConnectMultiple (node:net:1122:18)\n    at afterConnectMultiple (node:net:1689:7)","timestamp":"2025-07-10T21:49:05.153Z"}
{"level":"info","message":"MQTT client reconnecting","service":"soilwise-api","timestamp":"2025-07-10T21:49:06.155Z"}
{"code":"ECONNREFUSED","level":"error","message":"MQTT client error:","service":"soilwise-api","stack":"AggregateError\n    at internalConnectMultiple (node:net:1122:18)\n    at afterConnectMultiple (node:net:1689:7)","timestamp":"2025-07-10T21:49:06.156Z"}
{"level":"info","message":"MQTT client reconnecting","service":"soilwise-api","timestamp":"2025-07-10T21:49:07.156Z"}
{"code":"ECONNREFUSED","level":"error","message":"MQTT client error:","service":"soilwise-api","stack":"AggregateError\n    at internalConnectMultiple (node:net:1122:18)\n    at afterConnectMultiple (node:net:1689:7)","timestamp":"2025-07-10T21:49:07.157Z"}
{"level":"info","message":"MQTT client reconnecting","service":"soilwise-api","timestamp":"2025-07-10T21:49:08.158Z"}
{"code":"ECONNREFUSED","level":"error","message":"MQTT client error:","service":"soilwise-api","stack":"AggregateError\n    at internalConnectMultiple (node:net:1122:18)\n    at afterConnectMultiple (node:net:1689:7)","timestamp":"2025-07-10T21:49:08.159Z"}
{"level":"info","message":"MQTT client reconnecting","service":"soilwise-api","timestamp":"2025-07-10T21:49:09.160Z"}
{"code":"ECONNREFUSED","level":"error","message":"MQTT client error:","service":"soilwise-api","stack":"AggregateError\n    at internalConnectMultiple (node:net:1122:18)\n    at afterConnectMultiple (node:net:1689:7)","timestamp":"2025-07-10T21:49:09.161Z"}
{"level":"info","message":"MQTT client reconnecting","service":"soilwise-api","timestamp":"2025-07-10T21:49:10.162Z"}
{"code":"ECONNREFUSED","level":"error","message":"MQTT client error:","service":"soilwise-api","stack":"AggregateError\n    at internalConnectMultiple (node:net:1122:18)\n    at afterConnectMultiple (node:net:1689:7)","timestamp":"2025-07-10T21:49:10.163Z"}
{"level":"info","message":"MQTT client reconnecting","service":"soilwise-api","timestamp":"2025-07-10T21:49:11.164Z"}
{"code":"ECONNREFUSED","level":"error","message":"MQTT client error:","service":"soilwise-api","stack":"AggregateError\n    at internalConnectMultiple (node:net:1122:18)\n    at afterConnectMultiple (node:net:1689:7)","timestamp":"2025-07-10T21:49:11.166Z"}
{"level":"info","message":"MQTT client reconnecting","service":"soilwise-api","timestamp":"2025-07-10T21:49:12.166Z"}
{"code":"ECONNREFUSED","level":"error","message":"MQTT client error:","service":"soilwise-api","stack":"AggregateError\n    at internalConnectMultiple (node:net:1122:18)\n    at afterConnectMultiple (node:net:1689:7)","timestamp":"2025-07-10T21:49:12.168Z"}
{"level":"info","message":"SIGINT received, shutting down gracefully","service":"soilwise-api","timestamp":"2025-07-10T21:49:12.997Z"}
{"level":"info","message":"Initializing in-memory database (placeholder)","service":"soilwise-api","timestamp":"2025-07-10T21:53:39.656Z"}
{"level":"info","message":"Database initialized","service":"soilwise-api","timestamp":"2025-07-10T21:53:39.660Z"}
{"level":"info","message":"Setting up Socket.IO server","service":"soilwise-api","timestamp":"2025-07-10T21:53:39.661Z"}
{"level":"info","message":"Socket.IO configured","service":"soilwise-api","timestamp":"2025-07-10T21:53:39.662Z"}
{"level":"info","message":"MQTT service connected","service":"soilwise-api","timestamp":"2025-07-10T21:53:39.823Z"}
{"level":"info","message":"Starting cron jobs","service":"soilwise-api","timestamp":"2025-07-10T21:53:39.824Z"}
{"level":"info","message":"Cron jobs started successfully","service":"soilwise-api","timestamp":"2025-07-10T21:53:39.830Z"}
{"level":"info","message":"Cron jobs started","service":"soilwise-api","timestamp":"2025-07-10T21:53:39.831Z"}
{"level":"info","message":"Server running on port 8081","service":"soilwise-api","timestamp":"2025-07-10T21:53:39.835Z"}
{"code":"ECONNREFUSED","level":"error","message":"MQTT client error:","service":"soilwise-api","stack":"AggregateError\n    at internalConnectMultiple (node:net:1122:18)\n    at afterConnectMultiple (node:net:1689:7)","timestamp":"2025-07-10T21:53:39.848Z"}
{"level":"warn","message":"MQTT client offline","service":"soilwise-api","timestamp":"2025-07-10T21:53:39.852Z"}
{"level":"info","message":"MQTT client reconnecting","service":"soilwise-api","timestamp":"2025-07-10T21:53:40.854Z"}
{"code":"ECONNREFUSED","level":"error","message":"MQTT client error:","service":"soilwise-api","stack":"AggregateError\n    at internalConnectMultiple (node:net:1122:18)\n    at afterConnectMultiple (node:net:1689:7)","timestamp":"2025-07-10T21:53:40.855Z"}
{"level":"info","message":"MQTT client reconnecting","service":"soilwise-api","timestamp":"2025-07-10T21:53:41.856Z"}
{"code":"ECONNREFUSED","level":"error","message":"MQTT client error:","service":"soilwise-api","stack":"AggregateError\n    at internalConnectMultiple (node:net:1122:18)\n    at afterConnectMultiple (node:net:1689:7)","timestamp":"2025-07-10T21:53:41.858Z"}
{"level":"info","message":"MQTT client reconnecting","service":"soilwise-api","timestamp":"2025-07-10T21:53:42.859Z"}
{"code":"ECONNREFUSED","level":"error","message":"MQTT client error:","service":"soilwise-api","stack":"AggregateError\n    at internalConnectMultiple (node:net:1122:18)\n    at afterConnectMultiple (node:net:1689:7)","timestamp":"2025-07-10T21:53:42.861Z"}
{"level":"info","message":"MQTT client reconnecting","service":"soilwise-api","timestamp":"2025-07-10T21:53:43.863Z"}
{"code":"ECONNREFUSED","level":"error","message":"MQTT client error:","service":"soilwise-api","stack":"AggregateError\n    at internalConnectMultiple (node:net:1122:18)\n    at afterConnectMultiple (node:net:1689:7)","timestamp":"2025-07-10T21:53:43.865Z"}
{"level":"info","message":"MQTT client reconnecting","service":"soilwise-api","timestamp":"2025-07-10T21:53:44.865Z"}
{"code":"ECONNREFUSED","level":"error","message":"MQTT client error:","service":"soilwise-api","stack":"AggregateError\n    at internalConnectMultiple (node:net:1122:18)\n    at afterConnectMultiple (node:net:1689:7)","timestamp":"2025-07-10T21:53:44.867Z"}
{"level":"info","message":"MQTT client reconnecting","service":"soilwise-api","timestamp":"2025-07-10T21:53:45.867Z"}
{"code":"ECONNREFUSED","level":"error","message":"MQTT client error:","service":"soilwise-api","stack":"AggregateError\n    at internalConnectMultiple (node:net:1122:18)\n    at afterConnectMultiple (node:net:1689:7)","timestamp":"2025-07-10T21:53:45.869Z"}
{"level":"info","message":"MQTT client reconnecting","service":"soilwise-api","timestamp":"2025-07-10T21:53:46.870Z"}
{"code":"ECONNREFUSED","level":"error","message":"MQTT client error:","service":"soilwise-api","stack":"AggregateError\n    at internalConnectMultiple (node:net:1122:18)\n    at afterConnectMultiple (node:net:1689:7)","timestamp":"2025-07-10T21:53:46.872Z"}
{"level":"info","message":"MQTT client reconnecting","service":"soilwise-api","timestamp":"2025-07-10T21:53:47.872Z"}
{"code":"ECONNREFUSED","level":"error","message":"MQTT client error:","service":"soilwise-api","stack":"AggregateError\n    at internalConnectMultiple (node:net:1122:18)\n    at afterConnectMultiple (node:net:1689:7)","timestamp":"2025-07-10T21:53:47.874Z"}
{"level":"info","message":"MQTT client reconnecting","service":"soilwise-api","timestamp":"2025-07-10T21:53:48.874Z"}
{"code":"ECONNREFUSED","level":"error","message":"MQTT client error:","service":"soilwise-api","stack":"AggregateError\n    at internalConnectMultiple (node:net:1122:18)\n    at afterConnectMultiple (node:net:1689:7)","timestamp":"2025-07-10T21:53:48.876Z"}
{"level":"info","message":"MQTT client reconnecting","service":"soilwise-api","timestamp":"2025-07-10T21:53:49.876Z"}
{"code":"ECONNREFUSED","level":"error","message":"MQTT client error:","service":"soilwise-api","stack":"AggregateError\n    at internalConnectMultiple (node:net:1122:18)\n    at afterConnectMultiple (node:net:1689:7)","timestamp":"2025-07-10T21:53:49.878Z"}
{"level":"info","message":"MQTT client reconnecting","service":"soilwise-api","timestamp":"2025-07-10T21:53:50.879Z"}
{"code":"ECONNREFUSED","level":"error","message":"MQTT client error:","service":"soilwise-api","stack":"AggregateError\n    at internalConnectMultiple (node:net:1122:18)\n    at afterConnectMultiple (node:net:1689:7)","timestamp":"2025-07-10T21:53:50.881Z"}
{"level":"info","message":"MQTT client reconnecting","service":"soilwise-api","timestamp":"2025-07-10T21:53:51.882Z"}
{"code":"ECONNREFUSED","level":"error","message":"MQTT client error:","service":"soilwise-api","stack":"AggregateError\n    at internalConnectMultiple (node:net:1122:18)\n    at afterConnectMultiple (node:net:1689:7)","timestamp":"2025-07-10T21:53:51.884Z"}
{"level":"info","message":"MQTT client reconnecting","service":"soilwise-api","timestamp":"2025-07-10T21:53:52.885Z"}
{"code":"ECONNREFUSED","level":"error","message":"MQTT client error:","service":"soilwise-api","stack":"AggregateError\n    at internalConnectMultiple (node:net:1122:18)\n    at afterConnectMultiple (node:net:1689:7)","timestamp":"2025-07-10T21:53:52.887Z"}
{"level":"info","message":"MQTT client reconnecting","service":"soilwise-api","timestamp":"2025-07-10T21:53:53.888Z"}
{"code":"ECONNREFUSED","level":"error","message":"MQTT client error:","service":"soilwise-api","stack":"AggregateError\n    at internalConnectMultiple (node:net:1122:18)\n    at afterConnectMultiple (node:net:1689:7)","timestamp":"2025-07-10T21:53:53.889Z"}
{"level":"info","message":"MQTT client reconnecting","service":"soilwise-api","timestamp":"2025-07-10T21:53:54.889Z"}
{"code":"ECONNREFUSED","level":"error","message":"MQTT client error:","service":"soilwise-api","stack":"AggregateError\n    at internalConnectMultiple (node:net:1122:18)\n    at afterConnectMultiple (node:net:1689:7)","timestamp":"2025-07-10T21:53:54.891Z"}
{"level":"info","message":"MQTT client reconnecting","service":"soilwise-api","timestamp":"2025-07-10T21:53:55.892Z"}
{"code":"ECONNREFUSED","level":"error","message":"MQTT client error:","service":"soilwise-api","stack":"AggregateError\n    at internalConnectMultiple (node:net:1122:18)\n    at afterConnectMultiple (node:net:1689:7)","timestamp":"2025-07-10T21:53:55.894Z"}
{"level":"info","message":"MQTT client reconnecting","service":"soilwise-api","timestamp":"2025-07-10T21:53:56.895Z"}
{"code":"ECONNREFUSED","level":"error","message":"MQTT client error:","service":"soilwise-api","stack":"AggregateError\n    at internalConnectMultiple (node:net:1122:18)\n    at afterConnectMultiple (node:net:1689:7)","timestamp":"2025-07-10T21:53:56.896Z"}
{"level":"info","message":"MQTT client reconnecting","service":"soilwise-api","timestamp":"2025-07-10T21:53:57.898Z"}
{"code":"ECONNREFUSED","level":"error","message":"MQTT client error:","service":"soilwise-api","stack":"AggregateError\n    at internalConnectMultiple (node:net:1122:18)\n    at afterConnectMultiple (node:net:1689:7)","timestamp":"2025-07-10T21:53:57.900Z"}
{"level":"info","message":"MQTT client reconnecting","service":"soilwise-api","timestamp":"2025-07-10T21:53:58.903Z"}
{"code":"ECONNREFUSED","level":"error","message":"MQTT client error:","service":"soilwise-api","stack":"AggregateError\n    at internalConnectMultiple (node:net:1122:18)\n    at afterConnectMultiple (node:net:1689:7)","timestamp":"2025-07-10T21:53:58.905Z"}
{"level":"info","message":"MQTT client reconnecting","service":"soilwise-api","timestamp":"2025-07-10T21:53:59.905Z"}
{"code":"ECONNREFUSED","level":"error","message":"MQTT client error:","service":"soilwise-api","stack":"AggregateError\n    at internalConnectMultiple (node:net:1122:18)\n    at afterConnectMultiple (node:net:1689:7)","timestamp":"2025-07-10T21:53:59.906Z"}
{"level":"info","message":"MQTT client reconnecting","service":"soilwise-api","timestamp":"2025-07-10T21:54:00.908Z"}
{"code":"ECONNREFUSED","level":"error","message":"MQTT client error:","service":"soilwise-api","stack":"AggregateError\n    at internalConnectMultiple (node:net:1122:18)\n    at afterConnectMultiple (node:net:1689:7)","timestamp":"2025-07-10T21:54:00.909Z"}
{"level":"info","message":"MQTT client reconnecting","service":"soilwise-api","timestamp":"2025-07-10T21:54:01.910Z"}
{"code":"ECONNREFUSED","level":"error","message":"MQTT client error:","service":"soilwise-api","stack":"AggregateError\n    at internalConnectMultiple (node:net:1122:18)\n    at afterConnectMultiple (node:net:1689:7)","timestamp":"2025-07-10T21:54:01.911Z"}
{"level":"info","message":"SIGINT received, shutting down gracefully","service":"soilwise-api","timestamp":"2025-07-10T21:54:02.662Z"}
